<?xml version="1.0" encoding="UTF-8"?>
<!-- Generated by org.testng.reporters.JUnitXMLReporter -->
<testsuite ignored="0" hostname="Stephens-MacBook-Pro.local" failures="0" tests="4" name="Login Page Test Cases" time="60.267" errors="0" timestamp="2023-09-03T12:37:09 EAT">
  <testcase classname="com.toladata.tests.logintestcases.LoginTestCases" name="testInvalidLoginIsWorkingCorrectly" time="49.006"/>
  <testcase classname="com.toladata.tests.logintestcases.LoginTestCases" name="testInvalidUserNameValidPasswordLoginWontAllowLoginSuccess" time="0.29"/>
  <testcase classname="com.toladata.tests.logintestcases.LoginTestCases" name="testPasswordIsMaskedCorrectly" time="0.173"/>
  <testcase classname="com.toladata.tests.logintestcases.LoginTestCases" name="testSuccessfulUserLogin" time="3.881"/>
</testsuite> <!-- Login Page Test Cases -->
