<?xml version="1.0" encoding="UTF-8"?>
<!-- Generated by org.testng.reporters.JUnitXMLReporter -->
<testsuite ignored="0" hostname="STEPHENMUTINDA" failures="0" tests="4" name="Project Phases Test Cases" time="124.422" errors="0" timestamp="2023-09-02T20:41:47 EAT">
  <testcase classname="com.toladata.tests.projectphasestestcases.PhasesTestCases" name="testCreateNewProjectSuccessFully" time="20.66"/>
  <testcase classname="com.toladata.tests.projectphasestestcases.PhasesTestCases" name="testCreateNewPhaseToExistingProject" time="12.727"/>
  <testcase classname="com.toladata.tests.projectphasestestcases.PhasesTestCases" name="testEditAlreadyCreatedPhaseSuccessfully" time="7.35"/>
  <testcase classname="com.toladata.tests.projectphasestestcases.PhasesTestCases" name="testDeleteAlreadyCreatedPhaseSuccessfully" time="6.66"/>
</testsuite> <!-- Project Phases Test Cases -->
