<?xml version="1.0" encoding="UTF-8"?>
<testsuite xmlns:xsi="http://www.w3.org/2001/XMLSchema-instance" xsi:noNamespaceSchemaLocation="https://maven.apache.org/surefire/maven-surefire-plugin/xsd/surefire-test-report-3.0.xsd" version="3.0" name="TestSuite" time="139.798" tests="15" errors="0" skipped="10" failures="1">
  <properties>
[...]
</properties>
  <testcase name="testInvalidLoginIsWorkingCorrectly" classname="com.toladata.tests.logintestcases.LoginTestCases" time="53.592">
    <system-out><![CDATA[13:00:53.653 [main] INFO  com.toladata.driver.BaseTest - Login Successful
13:00:53.662 [main] INFO  com.toladata.utils.LogHelper - Test started: testInvalidLoginIsWorkingCorrectly
13:01:47.249 [main] INFO  com.toladata.utils.LogHelper - Test passed: testInvalidLoginIsWorkingCorrectly
]]></system-out>
    <system-err><![CDATA[Sept 03, 2023 1:00:44 PM org.openqa.selenium.devtools.CdpVersionFinder findNearestMatch
WARNING: Unable to find an exact match for CDP version 116, so returning the closest version found: 115
]]></system-err>
  </testcase>
  <testcase name="testInvalidUserNameValidPasswordLoginWontAllowLoginSuccess" classname="com.toladata.tests.logintestcases.LoginTestCases" time="0.299">
    <system-out><![CDATA[13:01:47.255 [main] INFO  com.toladata.utils.LogHelper - Test started: testInvalidUserNameValidPasswordLoginWontAllowLoginSuccess
13:01:47.553 [main] INFO  com.toladata.utils.LogHelper - Test passed: testInvalidUserNameValidPasswordLoginWontAllowLoginSuccess
]]></system-out>
  </testcase>
  <testcase name="testPasswordIsMaskedCorrectly" classname="com.toladata.tests.logintestcases.LoginTestCases" time="0.162">
    <system-out><![CDATA[13:01:47.554 [main] INFO  com.toladata.utils.LogHelper - Test started: testPasswordIsMaskedCorrectly
13:01:47.716 [main] INFO  com.toladata.utils.LogHelper - Test passed: testPasswordIsMaskedCorrectly
]]></system-out>
  </testcase>
  <testcase name="testSuccessfulUserLogin" classname="com.toladata.tests.logintestcases.LoginTestCases" time="3.832">
    <system-out><![CDATA[13:01:47.717 [main] INFO  com.toladata.utils.LogHelper - Test started: testSuccessfulUserLogin
13:01:51.549 [main] INFO  com.toladata.utils.LogHelper - Test passed: testSuccessfulUserLogin
]]></system-out>
  </testcase>
  <testcase name="setupPageObjects" classname="com.toladata.tests.projectphasestestcases.PhasesTestCases" time="74.867">
    <failure message="Expected condition failed: waiting for all conditions to be valid: visibility of [[ChromeDriver: chrome on mac (2c7c1db8d621d09f9cd02ce6ae6515a5)] -&gt; xpath: //button[@type=&apos;submit&apos;]] &amp;&amp; element to be clickable: [[ChromeDriver: chrome on mac (2c7c1db8d621d09f9cd02ce6ae6515a5)] -&gt; xpath: //button[@type=&apos;submit&apos;]] (tried for 60 second(s) with 500 milliseconds interval)&#10;Build info: version: &apos;4.11.0&apos;, revision: &apos;040bc5406b&apos;&#10;System info: os.name: &apos;Mac OS X&apos;, os.arch: &apos;aarch64&apos;, os.version: &apos;13.4.1&apos;, java.version: &apos;20.0.1&apos;&#10;Driver info: org.openqa.selenium.chrome.ChromeDriver&#10;Capabilities {acceptInsecureCerts: false, browserName: chrome, browserVersion: 116.0.5845.140, chrome: {chromedriverVersion: 116.0.5845.96 (1a3918166880..., userDataDir: /var/folders/j2/5xymsvsd2ps...}, fedcm:accounts: true, goog:chromeOptions: {debuggerAddress: localhost:60836}, networkConnectionEnabled: false, pageLoadStrategy: normal, platformName: mac, proxy: Proxy(), se:cdp: ws://localhost:60836/devtoo..., se:cdpVersion: 116.0.5845.140, setWindowRect: true, strictFileInteractability: false, timeouts: {implicit: 0, pageLoad: 300000, script: 30000}, unhandledPromptBehavior: dismiss and notify, webauthn:extension:credBlob: true, webauthn:extension:largeBlob: true, webauthn:extension:minPinLength: true, webauthn:extension:prf: true, webauthn:virtualAuthenticators: true}&#10;Session ID: 2c7c1db8d621d09f9cd02ce6ae6515a5" type="org.openqa.selenium.TimeoutException"><![CDATA[org.openqa.selenium.TimeoutException: 
Expected condition failed: waiting for all conditions to be valid: visibility of [[ChromeDriver: chrome on mac (2c7c1db8d621d09f9cd02ce6ae6515a5)] -> xpath: //button[@type='submit']] && element to be clickable: [[ChromeDriver: chrome on mac (2c7c1db8d621d09f9cd02ce6ae6515a5)] -> xpath: //button[@type='submit']] (tried for 60 second(s) with 500 milliseconds interval)
Build info: version: '4.11.0', revision: '040bc5406b'
System info: os.name: 'Mac OS X', os.arch: 'aarch64', os.version: '13.4.1', java.version: '20.0.1'
Driver info: org.openqa.selenium.chrome.ChromeDriver
Capabilities {acceptInsecureCerts: false, browserName: chrome, browserVersion: 116.0.5845.140, chrome: {chromedriverVersion: 116.0.5845.96 (1a3918166880..., userDataDir: /var/folders/j2/5xymsvsd2ps...}, fedcm:accounts: true, goog:chromeOptions: {debuggerAddress: localhost:60836}, networkConnectionEnabled: false, pageLoadStrategy: normal, platformName: mac, proxy: Proxy(), se:cdp: ws://localhost:60836/devtoo..., se:cdpVersion: 116.0.5845.140, setWindowRect: true, strictFileInteractability: false, timeouts: {implicit: 0, pageLoad: 300000, script: 30000}, unhandledPromptBehavior: dismiss and notify, webauthn:extension:credBlob: true, webauthn:extension:largeBlob: true, webauthn:extension:minPinLength: true, webauthn:extension:prf: true, webauthn:virtualAuthenticators: true}
Session ID: 2c7c1db8d621d09f9cd02ce6ae6515a5
	at org.openqa.selenium.support.ui.WebDriverWait.timeoutException(WebDriverWait.java:84)
	at org.openqa.selenium.support.ui.FluentWait.until(FluentWait.java:230)
	at com.toladata.utils.WebDriverWaitStrategies.waitForElementToBeVisibleAndClickable(WebDriverWaitStrategies.java:38)
	at com.toladata.pages.loginpage.LoginPage.clickOnLogin(LoginPage.java:63)
	at com.toladata.tests.projectphasestestcases.PhasesTestCases.setupPageObjects(PhasesTestCases.java:36)
	at java.base/jdk.internal.reflect.DirectMethodHandleAccessor.invoke(DirectMethodHandleAccessor.java:104)
	at java.base/java.lang.reflect.Method.invoke(Method.java:578)
	at org.testng.internal.invokers.MethodInvocationHelper.invokeMethod(MethodInvocationHelper.java:139)
	at org.testng.internal.invokers.MethodInvocationHelper.invokeMethodConsideringTimeout(MethodInvocationHelper.java:69)
	at org.testng.internal.invokers.ConfigInvoker.invokeConfigurationMethod(ConfigInvoker.java:361)
	at org.testng.internal.invokers.ConfigInvoker.invokeConfigurations(ConfigInvoker.java:296)
	at org.testng.internal.invokers.TestMethodWorker.invokeBeforeClassMethods(TestMethodWorker.java:180)
	at org.testng.internal.invokers.TestMethodWorker.run(TestMethodWorker.java:122)
	at java.base/java.util.ArrayList.forEach(ArrayList.java:1511)
	at org.testng.TestRunner.privateRun(TestRunner.java:829)
	at org.testng.TestRunner.run(TestRunner.java:602)
	at org.testng.SuiteRunner.runTest(SuiteRunner.java:437)
	at org.testng.SuiteRunner.runSequentially(SuiteRunner.java:431)
	at org.testng.SuiteRunner.privateRun(SuiteRunner.java:391)
	at org.testng.SuiteRunner.run(SuiteRunner.java:330)
	at org.testng.SuiteRunnerWorker.runSuite(SuiteRunnerWorker.java:52)
	at org.testng.SuiteRunnerWorker.run(SuiteRunnerWorker.java:95)
	at org.testng.TestNG.runSuitesSequentially(TestNG.java:1256)
	at org.testng.TestNG.runSuitesLocally(TestNG.java:1176)
	at org.testng.TestNG.runSuites(TestNG.java:1099)
	at org.testng.TestNG.run(TestNG.java:1067)
	at org.apache.maven.surefire.testng.TestNGExecutor.run(TestNGExecutor.java:324)
	at org.apache.maven.surefire.testng.TestNGXmlTestSuite.execute(TestNGXmlTestSuite.java:74)
	at org.apache.maven.surefire.testng.TestNGProvider.invoke(TestNGProvider.java:123)
	at org.apache.maven.surefire.booter.ForkedBooter.runSuitesInProcess(ForkedBooter.java:456)
	at org.apache.maven.surefire.booter.ForkedBooter.execute(ForkedBooter.java:169)
	at org.apache.maven.surefire.booter.ForkedBooter.run(ForkedBooter.java:595)
	at org.apache.maven.surefire.booter.ForkedBooter.main(ForkedBooter.java:581)
]]></failure>
    <system-out><![CDATA[13:01:57.236 [main] INFO  com.toladata.driver.BaseTest - Login Successful
]]></system-out>
    <system-err><![CDATA[Sept 03, 2023 1:01:52 PM org.openqa.selenium.devtools.CdpVersionFinder findNearestMatch
WARNING: Unable to find an exact match for CDP version 116, so returning the closest version found: 115
]]></system-err>
  </testcase>
  <testcase name="testCreateNewProjectSuccessFully" classname="com.toladata.tests.projectphasestestcases.PhasesTestCases" time="0">
    <skipped message="Expected condition failed: waiting for all conditions to be valid: visibility of [[ChromeDriver: chrome on mac (2c7c1db8d621d09f9cd02ce6ae6515a5)] -&gt; xpath: //button[@type=&apos;submit&apos;]] &amp;&amp; element to be clickable: [[ChromeDriver: chrome on mac (2c7c1db8d621d09f9cd02ce6ae6515a5)] -&gt; xpath: //button[@type=&apos;submit&apos;]] (tried for 60 second(s) with 500 milliseconds interval)&#10;Build info: version: &apos;4.11.0&apos;, revision: &apos;040bc5406b&apos;&#10;System info: os.name: &apos;Mac OS X&apos;, os.arch: &apos;aarch64&apos;, os.version: &apos;13.4.1&apos;, java.version: &apos;20.0.1&apos;&#10;Driver info: org.openqa.selenium.chrome.ChromeDriver&#10;Capabilities {acceptInsecureCerts: false, browserName: chrome, browserVersion: 116.0.5845.140, chrome: {chromedriverVersion: 116.0.5845.96 (1a3918166880..., userDataDir: /var/folders/j2/5xymsvsd2ps...}, fedcm:accounts: true, goog:chromeOptions: {debuggerAddress: localhost:60836}, networkConnectionEnabled: false, pageLoadStrategy: normal, platformName: mac, proxy: Proxy(), se:cdp: ws://localhost:60836/devtoo..., se:cdpVersion: 116.0.5845.140, setWindowRect: true, strictFileInteractability: false, timeouts: {implicit: 0, pageLoad: 300000, script: 30000}, unhandledPromptBehavior: dismiss and notify, webauthn:extension:credBlob: true, webauthn:extension:largeBlob: true, webauthn:extension:minPinLength: true, webauthn:extension:prf: true, webauthn:virtualAuthenticators: true}&#10;Session ID: 2c7c1db8d621d09f9cd02ce6ae6515a5"/>
    <system-out><![CDATA[13:03:02.583 [main] INFO  com.toladata.utils.LogHelper - Test started: testCreateNewProjectSuccessFully
13:03:02.583 [main] INFO  com.toladata.utils.LogHelper - Test skipped: testCreateNewProjectSuccessFully
]]></system-out>
  </testcase>
  <testcase name="recordFailedTest" classname="com.toladata.tests.projectphasestestcases.PhasesTestCases" time="0">
    <skipped/>
  </testcase>
  <testcase name="recordFailedTest" classname="com.toladata.tests.projectphasestestcases.PhasesTestCases" time="0">
    <skipped/>
  </testcase>
  <testcase name="recordFailedTest" classname="com.toladata.tests.projectphasestestcases.PhasesTestCases" time="0">
    <skipped/>
  </testcase>
  <testcase name="recordFailedTest" classname="com.toladata.tests.projectphasestestcases.PhasesTestCases" time="0">
    <skipped/>
  </testcase>
  <testcase name="testCreateNewPhaseToExistingProject" classname="com.toladata.tests.projectphasestestcases.PhasesTestCases" time="0">
    <skipped message="Expected condition failed: waiting for all conditions to be valid: visibility of [[ChromeDriver: chrome on mac (2c7c1db8d621d09f9cd02ce6ae6515a5)] -&gt; xpath: //button[@type=&apos;submit&apos;]] &amp;&amp; element to be clickable: [[ChromeDriver: chrome on mac (2c7c1db8d621d09f9cd02ce6ae6515a5)] -&gt; xpath: //button[@type=&apos;submit&apos;]] (tried for 60 second(s) with 500 milliseconds interval)&#10;Build info: version: &apos;4.11.0&apos;, revision: &apos;040bc5406b&apos;&#10;System info: os.name: &apos;Mac OS X&apos;, os.arch: &apos;aarch64&apos;, os.version: &apos;13.4.1&apos;, java.version: &apos;20.0.1&apos;&#10;Driver info: org.openqa.selenium.chrome.ChromeDriver&#10;Capabilities {acceptInsecureCerts: false, browserName: chrome, browserVersion: 116.0.5845.140, chrome: {chromedriverVersion: 116.0.5845.96 (1a3918166880..., userDataDir: /var/folders/j2/5xymsvsd2ps...}, fedcm:accounts: true, goog:chromeOptions: {debuggerAddress: localhost:60836}, networkConnectionEnabled: false, pageLoadStrategy: normal, platformName: mac, proxy: Proxy(), se:cdp: ws://localhost:60836/devtoo..., se:cdpVersion: 116.0.5845.140, setWindowRect: true, strictFileInteractability: false, timeouts: {implicit: 0, pageLoad: 300000, script: 30000}, unhandledPromptBehavior: dismiss and notify, webauthn:extension:credBlob: true, webauthn:extension:largeBlob: true, webauthn:extension:minPinLength: true, webauthn:extension:prf: true, webauthn:virtualAuthenticators: true}&#10;Session ID: 2c7c1db8d621d09f9cd02ce6ae6515a5"/>
    <system-out><![CDATA[13:03:02.584 [main] INFO  com.toladata.utils.LogHelper - Test started: testCreateNewPhaseToExistingProject
13:03:02.584 [main] INFO  com.toladata.utils.LogHelper - Test skipped: testCreateNewPhaseToExistingProject
]]></system-out>
  </testcase>
  <testcase name="testEditAlreadyCreatedPhaseSuccessfully" classname="com.toladata.tests.projectphasestestcases.PhasesTestCases" time="0">
    <skipped message="Expected condition failed: waiting for all conditions to be valid: visibility of [[ChromeDriver: chrome on mac (2c7c1db8d621d09f9cd02ce6ae6515a5)] -&gt; xpath: //button[@type=&apos;submit&apos;]] &amp;&amp; element to be clickable: [[ChromeDriver: chrome on mac (2c7c1db8d621d09f9cd02ce6ae6515a5)] -&gt; xpath: //button[@type=&apos;submit&apos;]] (tried for 60 second(s) with 500 milliseconds interval)&#10;Build info: version: &apos;4.11.0&apos;, revision: &apos;040bc5406b&apos;&#10;System info: os.name: &apos;Mac OS X&apos;, os.arch: &apos;aarch64&apos;, os.version: &apos;13.4.1&apos;, java.version: &apos;20.0.1&apos;&#10;Driver info: org.openqa.selenium.chrome.ChromeDriver&#10;Capabilities {acceptInsecureCerts: false, browserName: chrome, browserVersion: 116.0.5845.140, chrome: {chromedriverVersion: 116.0.5845.96 (1a3918166880..., userDataDir: /var/folders/j2/5xymsvsd2ps...}, fedcm:accounts: true, goog:chromeOptions: {debuggerAddress: localhost:60836}, networkConnectionEnabled: false, pageLoadStrategy: normal, platformName: mac, proxy: Proxy(), se:cdp: ws://localhost:60836/devtoo..., se:cdpVersion: 116.0.5845.140, setWindowRect: true, strictFileInteractability: false, timeouts: {implicit: 0, pageLoad: 300000, script: 30000}, unhandledPromptBehavior: dismiss and notify, webauthn:extension:credBlob: true, webauthn:extension:largeBlob: true, webauthn:extension:minPinLength: true, webauthn:extension:prf: true, webauthn:virtualAuthenticators: true}&#10;Session ID: 2c7c1db8d621d09f9cd02ce6ae6515a5"/>
    <system-out><![CDATA[13:03:02.585 [main] INFO  com.toladata.utils.LogHelper - Test started: testEditAlreadyCreatedPhaseSuccessfully
13:03:02.585 [main] INFO  com.toladata.utils.LogHelper - Test skipped: testEditAlreadyCreatedPhaseSuccessfully
]]></system-out>
  </testcase>
  <testcase name="testDeleteAlreadyCreatedPhaseSuccessfully" classname="com.toladata.tests.projectphasestestcases.PhasesTestCases" time="0">
    <skipped message="Expected condition failed: waiting for all conditions to be valid: visibility of [[ChromeDriver: chrome on mac (2c7c1db8d621d09f9cd02ce6ae6515a5)] -&gt; xpath: //button[@type=&apos;submit&apos;]] &amp;&amp; element to be clickable: [[ChromeDriver: chrome on mac (2c7c1db8d621d09f9cd02ce6ae6515a5)] -&gt; xpath: //button[@type=&apos;submit&apos;]] (tried for 60 second(s) with 500 milliseconds interval)&#10;Build info: version: &apos;4.11.0&apos;, revision: &apos;040bc5406b&apos;&#10;System info: os.name: &apos;Mac OS X&apos;, os.arch: &apos;aarch64&apos;, os.version: &apos;13.4.1&apos;, java.version: &apos;20.0.1&apos;&#10;Driver info: org.openqa.selenium.chrome.ChromeDriver&#10;Capabilities {acceptInsecureCerts: false, browserName: chrome, browserVersion: 116.0.5845.140, chrome: {chromedriverVersion: 116.0.5845.96 (1a3918166880..., userDataDir: /var/folders/j2/5xymsvsd2ps...}, fedcm:accounts: true, goog:chromeOptions: {debuggerAddress: localhost:60836}, networkConnectionEnabled: false, pageLoadStrategy: normal, platformName: mac, proxy: Proxy(), se:cdp: ws://localhost:60836/devtoo..., se:cdpVersion: 116.0.5845.140, setWindowRect: true, strictFileInteractability: false, timeouts: {implicit: 0, pageLoad: 300000, script: 30000}, unhandledPromptBehavior: dismiss and notify, webauthn:extension:credBlob: true, webauthn:extension:largeBlob: true, webauthn:extension:minPinLength: true, webauthn:extension:prf: true, webauthn:virtualAuthenticators: true}&#10;Session ID: 2c7c1db8d621d09f9cd02ce6ae6515a5"/>
    <system-out><![CDATA[13:03:02.585 [main] INFO  com.toladata.utils.LogHelper - Test started: testDeleteAlreadyCreatedPhaseSuccessfully
13:03:02.585 [main] INFO  com.toladata.utils.LogHelper - Test skipped: testDeleteAlreadyCreatedPhaseSuccessfully
]]></system-out>
  </testcase>
  <testcase name="tearDownPageObjects" classname="com.toladata.tests.projectphasestestcases.PhasesTestCases" time="0">
    <skipped/>
  </testcase>
  <testcase name="teardown" classname="com.toladata.tests.projectphasestestcases.PhasesTestCases" time="0">
    <skipped/>
  </testcase>
</testsuite>